<?xml version="1.0" encoding="UTF-8"?>
<!-- Generated by org.testng.reporters.JUnitReportReporter -->
<testsuite hostname="DESKTOP-NACAAD5" failures="0" tests="1" name="testScript.AdminUsersAddNewUserTest" time="16.972" errors="0" timestamp="2024-08-05T09:29:17 IST" skipped="0">
  <testcase classname="testScript.AdminUsersAddNewUserTest" name="verifyUserIsAbleToAddNewAdminUser" time="16.972"/>
</testsuite> <!-- testScript.AdminUsersAddNewUserTest -->
