<?xml version="1.0" encoding="UTF-8"?>
<!-- Generated by org.testng.reporters.JUnitReportReporter -->
<testsuite hostname="DESKTOP-NACAAD5" failures="0" tests="1" name="testScript.LoginTest" time="7.375" errors="0" timestamp="2024-06-26T10:37:57 IST" skipped="0">
  <testcase classname="testScript.LoginTest" name="verifyTheUserIsAbleToLoginUsingInValidUsernameandValidPassword" time="7.375"/>
  <system-out/>
</testsuite> <!-- testScript.LoginTest -->
