<?xml version="1.0" encoding="UTF-8"?>
<!-- Generated by org.testng.reporters.JUnitReportReporter -->
<testsuite hostname="DESKTOP-NACAAD5" failures="0" tests="1" name="testScript.AdminUsersStatusTest" time="5.232" errors="0" timestamp="2024-07-04T09:53:29 IST" skipped="0">
  <testcase classname="testScript.AdminUsersStatusTest" name="verifyUserIsAbleToChangeStatus" time="5.232"/>
  <system-out/>
</testsuite> <!-- testScript.AdminUsersStatusTest -->
