<?xml version="1.0" encoding="UTF-8"?>
<!-- Generated by org.testng.reporters.JUnitReportReporter -->
<testsuite hostname="DESKTOP-NACAAD5" failures="0" tests="1" name="testScript.ContactUsUpdateTest" time="7.304" errors="0" timestamp="2024-07-03T09:01:45 IST" skipped="0">
  <testcase classname="testScript.ContactUsUpdateTest" name="verifyUserIsAbleToUpdateContacts" time="7.304"/>
  <system-out/>
</testsuite> <!-- testScript.ContactUsUpdateTest -->
