<?xml version="1.0" encoding="UTF-8"?>
<!-- Generated by org.testng.reporters.JUnitReportReporter -->
<testsuite hostname="DESKTOP-NACAAD5" failures="0" tests="1" name="testScript.AdminUsersAddNewUserTest" time="9.880" errors="0" timestamp="2024-07-29T09:14:37 IST" skipped="0">
  <testcase classname="testScript.AdminUsersAddNewUserTest" name="verifyUserIsAbleToAddNewAdminUser" time="9.880"/>
  <system-out/>
</testsuite> <!-- testScript.AdminUsersAddNewUserTest -->
