<?xml version="1.0" encoding="UTF-8"?>
<!-- Generated by org.testng.reporters.JUnitReportReporter -->
<testsuite hostname="DESKTOP-NACAAD5" failures="0" tests="1" name="testScript.AdminUsersAddTest" time="9.233" errors="0" timestamp="2024-07-18T15:15:50 IST" skipped="0">
  <testcase classname="testScript.AdminUsersAddTest" name="verifyUserIsAbleToAddNewAdminUser" time="9.233"/>
  <system-out/>
</testsuite> <!-- testScript.AdminUsersAddTest -->
