<?xml version="1.0" encoding="UTF-8"?>
<!-- Generated by org.testng.reporters.JUnitReportReporter -->
<testsuite hostname="DESKTOP-NACAAD5" failures="0" tests="1" name="testScript.MgePagesListDeleteTest" time="6.547" errors="0" timestamp="2024-07-01T09:51:07 IST" skipped="0">
  <testcase classname="testScript.MgePagesListDeleteTest" name="isUserAbleToDeletePageDirectly" time="6.547"/>
  <system-out/>
</testsuite> <!-- testScript.MgePagesListDeleteTest -->
