<?xml version="1.0" encoding="UTF-8"?>
<!-- Generated by org.testng.reporters.JUnitReportReporter -->
<testsuite hostname="DESKTOP-NACAAD5" failures="0" tests="1" name="testScript.ManageCategoryUpdateTest" time="7.530" errors="0" timestamp="2024-07-05T09:42:33 IST" skipped="0">
  <testcase classname="testScript.ManageCategoryUpdateTest" name="verifyUserIsAbleToUpdateCategory" time="7.530"/>
  <system-out/>
</testsuite> <!-- testScript.ManageCategoryUpdateTest -->
