<?xml version="1.0" encoding="UTF-8"?>
<!-- Generated by org.testng.reporters.JUnitReportReporter -->
<testsuite hostname="DESKTOP-NACAAD5" failures="0" tests="1" name="testScript.LoginTest" time="5.688" errors="0" timestamp="2024-06-25T11:39:09 IST" skipped="0">
  <testcase classname="testScript.LoginTest" name="verifyTheUserIsAbleToLoginUsingInValidUsername" time="5.688"/>
  <system-out/>
</testsuite> <!-- testScript.LoginTest -->
