<?xml version="1.0" encoding="UTF-8"?>
<!-- Generated by org.testng.reporters.JUnitReportReporter -->
<testsuite hostname="DESKTOP-NACAAD5" failures="0" tests="1" name="assignment1.ManagePageSearch" time="6.331" errors="0" timestamp="2024-06-24T10:07:53 IST" skipped="0">
  <testcase classname="assignment1.ManagePageSearch" name="searchTitle" time="6.331"/>
  <system-out/>
</testsuite> <!-- assignment1.ManagePageSearch -->
