<?xml version="1.0" encoding="UTF-8"?>
<!-- Generated by org.testng.reporters.JUnitReportReporter -->
<testsuite hostname="DESKTOP-NACAAD5" failures="0" tests="1" name="testScript.MgePagesSearchAndDeleteTest" time="7.037" errors="0" timestamp="2024-07-01T08:43:35 IST" skipped="0">
  <testcase classname="testScript.MgePagesSearchAndDeleteTest" name="verifyUserIsAbleTosearchAndDeletePage" time="7.037"/>
  <system-out/>
</testsuite> <!-- testScript.MgePagesSearchAndDeleteTest -->
