<?xml version="1.0" encoding="UTF-8"?>
<!-- Generated by org.testng.reporters.JUnitReportReporter -->
<testsuite hostname="DESKTOP-NACAAD5" failures="0" tests="1" name="testScript.AdminUserSearchTest" time="6.467" errors="0" timestamp="2024-07-04T13:40:28 IST" skipped="0">
  <testcase classname="testScript.AdminUserSearchTest" name="verifyUserIsAbleToSearchAdminUser" time="6.467"/>
  <system-out/>
</testsuite> <!-- testScript.AdminUserSearchTest -->
