<?xml version="1.0" encoding="UTF-8"?>
<!-- Generated by org.testng.reporters.JUnitReportReporter -->
<testsuite hostname="DESKTOP-NACAAD5" failures="0" tests="1" name="testScript3.TableTestCases" time="10.338" errors="0" timestamp="2024-06-19T09:48:31 IST" skipped="0">
  <testcase classname="testScript3.TableTestCases" name="columnprint" time="10.338"/>
  <system-out/>
</testsuite> <!-- testScript3.TableTestCases -->
