<?xml version="1.0" encoding="UTF-8"?>
<!-- Generated by org.testng.reporters.JUnitReportReporter -->
<testsuite hostname="DESKTOP-NACAAD5" failures="0" tests="1" name="testScript3.ActionClass" time="9.639" errors="0" timestamp="2024-06-20T09:51:36 IST" skipped="0">
  <testcase classname="testScript3.ActionClass" name="dragAndDrop" time="9.639"/>
  <system-out/>
</testsuite> <!-- testScript3.ActionClass -->
