<?xml version="1.0" encoding="UTF-8"?>
<!-- Generated by org.testng.reporters.JUnitReportReporter -->
<testsuite hostname="DESKTOP-NACAAD5" failures="0" tests="1" name="testScript3.Assertion" time="11.060" errors="0" timestamp="2024-06-18T14:11:14 IST" skipped="0">
  <testcase classname="testScript3.Assertion" name="assertNotEqualsTest" time="11.060"/>
  <system-out/>
</testsuite> <!-- testScript3.Assertion -->
