<?xml version="1.0" encoding="UTF-8"?>
<!-- Generated by org.testng.reporters.JUnitReportReporter -->
<testsuite hostname="DESKTOP-NACAAD5" failures="0" tests="1" name="testScript3.CheckboxAssignment" time="9.718" errors="0" timestamp="2024-06-19T09:24:46 IST" skipped="0">
  <testcase classname="testScript3.CheckboxAssignment" name="checkBox" time="9.718"/>
  <system-out/>
</testsuite> <!-- testScript3.CheckboxAssignment -->
