<?xml version="1.0" encoding="UTF-8"?>
<!-- Generated by org.testng.reporters.JUnitReportReporter -->
<testsuite hostname="DESKTOP-NACAAD5" failures="0" tests="1" name="testScript3.MultipleWindowhandling" time="9.945" errors="0" timestamp="2024-06-20T10:10:24 IST" skipped="0">
  <testcase classname="testScript3.MultipleWindowhandling" name="multiplehandle" time="9.945"/>
  <system-out/>
</testsuite> <!-- testScript3.MultipleWindowhandling -->
