<?xml version="1.0" encoding="UTF-8"?>
<!-- Generated by org.testng.reporters.JUnitReportReporter -->
<testsuite hostname="DESKTOP-NACAAD5" failures="0" tests="1" name="testScript3.JSExecutor" time="7.825" errors="0" timestamp="2024-06-19T08:56:55 IST" skipped="0">
  <testcase classname="testScript3.JSExecutor" name="getTotal" time="7.825"/>
  <system-out/>
</testsuite> <!-- testScript3.JSExecutor -->
