<?xml version="1.0" encoding="UTF-8"?>
<!-- Generated by org.testng.reporters.JUnitReportReporter -->
<testsuite hostname="DESKTOP-NACAAD5" failures="0" tests="1" name="testScript3.SendkeysAndRobot" time="32.065" errors="0" timestamp="2024-06-19T12:49:24 IST" skipped="0">
  <testcase classname="testScript3.SendkeysAndRobot" name="fileupload2" time="32.065"/>
  <system-out/>
</testsuite> <!-- testScript3.SendkeysAndRobot -->
