<?xml version="1.0" encoding="UTF-8"?>
<!-- Generated by org.testng.reporters.JUnitReportReporter -->
<testsuite hostname="DESKTOP-NACAAD5" failures="0" tests="3" name="testScript3.Annotations" time="22.482" errors="0" timestamp="2024-06-18T14:27:17 IST" skipped="0">
  <testcase classname="testScript3.Annotations" name="test2" time="6.642"/>
  <system-out/>
  <testcase classname="testScript3.Annotations" name="test3" time="8.204"/>
  <system-out/>
  <testcase classname="testScript3.Annotations" name="test1" time="7.636"/>
  <system-out/>
</testsuite> <!-- testScript3.Annotations -->
